Flow report for DATAPATH
Wed May 13 14:00:14 2020
Quartus Prime Version 18.0.0 Build 614 04/24/2018 SJ Lite Edition


---------------------
; Table of Contents ;
---------------------
  1. Legal Notice
  2. Flow Summary
  3. Flow Settings
  4. Flow Non-Default Global Settings
  5. Flow Elapsed Time
  6. Flow OS Summary
  7. Flow Log
  8. Flow Messages
  9. Flow Suppressed Messages



----------------
; Legal Notice ;
----------------
Copyright (C) 2018  Intel Corporation. All rights reserved.
Your use of Intel Corporation's design tools, logic functions 
and other software and tools, and its AMPP partner logic 
functions, and any output files from any of the foregoing 
(including device programming or simulation files), and any 
associated documentation or information are expressly subject 
to the terms and conditions of the Intel Program License 
Subscription Agreement, the Intel Quartus Prime License Agreement,
the Intel FPGA IP License Agreement, or other applicable license
agreement, including, without limitation, that your use is for
the sole purpose of programming logic devices manufactured by
Intel and sold by Intel or its authorized distributors.  Please
refer to the applicable agreement for further details.



+---------------------------------------------------------------------+
; Flow Summary                                                        ;
+-----------------------+---------------------------------------------+
; Flow Status           ; Successful - Wed May 13 14:00:14 2020       ;
; Quartus Prime Version ; 18.0.0 Build 614 04/24/2018 SJ Lite Edition ;
; Revision Name         ; DATAPATH                                    ;
; Top-level Entity Name ; DATAPATH                                    ;
; Family                ; MAX V                                       ;
; Total logic elements  ; 0 / 240 ( 0 % )                             ;
; Total pins            ; 65 / 114 ( 57 % )                           ;
; Total virtual pins    ; 0                                           ;
; UFM blocks            ; 0 / 1 ( 0 % )                               ;
; Device                ; 5M240ZT144C4                                ;
; Timing Models         ; Final                                       ;
+-----------------------+---------------------------------------------+


+-----------------------------------------+
; Flow Settings                           ;
+-------------------+---------------------+
; Option            ; Setting             ;
+-------------------+---------------------+
; Start date & time ; 05/13/2020 13:59:45 ;
; Main task         ; Compilation         ;
; Revision Name     ; DATAPATH            ;
+-------------------+---------------------+


+--------------------------------------------------------------------------------------------------------------------+
; Flow Non-Default Global Settings                                                                                   ;
+--------------------------------------+------------------------------+---------------+-------------+----------------+
; Assignment Name                      ; Value                        ; Default Value ; Entity Name ; Section Id     ;
+--------------------------------------+------------------------------+---------------+-------------+----------------+
; COMPILER_SIGNATURE_ID                ; 963347811259.158939638416672 ; --            ; --          ; --             ;
; EDA_DESIGN_INSTANCE_NAME             ; NA                           ; --            ; --          ; shiftLeft2_tb  ;
; EDA_DESIGN_INSTANCE_NAME             ; NA                           ; --            ; --          ; ALUCONTROL_tb  ;
; EDA_DESIGN_INSTANCE_NAME             ; NA                           ; --            ; --          ; ADDER_TB       ;
; EDA_DESIGN_INSTANCE_NAME             ; NA                           ; --            ; --          ; DATAMEMORY_TB  ;
; EDA_DESIGN_INSTANCE_NAME             ; NA                           ; --            ; --          ; UC_tb          ;
; EDA_DESIGN_INSTANCE_NAME             ; NA                           ; --            ; --          ; DATAPATH_TB    ;
; EDA_DESIGN_INSTANCE_NAME             ; NA                           ; --            ; --          ; SIGNEXT_TB     ;
; EDA_NATIVELINK_SIMULATION_TEST_BENCH ; DATAMEMORY_TB                ; --            ; --          ; eda_simulation ;
; EDA_OUTPUT_DATA_FORMAT               ; Verilog Hdl                  ; --            ; --          ; eda_simulation ;
; EDA_SIMULATION_TOOL                  ; ModelSim-Altera (Verilog)    ; <None>        ; --          ; --             ;
; EDA_TEST_BENCH_ENABLE_STATUS         ; TEST_BENCH_MODE              ; --            ; --          ; eda_simulation ;
; EDA_TEST_BENCH_FILE                  ; SHIFTLEFT2_TB.v              ; --            ; --          ; SHIFTLEFT2_TB  ;
; EDA_TEST_BENCH_FILE                  ; ALUCONTROL_tb.v              ; --            ; --          ; ALUCONTROL_tb  ;
; EDA_TEST_BENCH_FILE                  ; ADDER_TB.v                   ; --            ; --          ; ADDER_TB       ;
; EDA_TEST_BENCH_FILE                  ; DATAMEMORY_TB.v              ; --            ; --          ; DATAMEMORY_TB  ;
; EDA_TEST_BENCH_FILE                  ; UC_tb.v                      ; --            ; --          ; UC_tb          ;
; EDA_TEST_BENCH_FILE                  ; DATAPATH_TB.v                ; --            ; --          ; DATAPATH_TB    ;
; EDA_TEST_BENCH_FILE                  ; SIGNEXT_TB.v                 ; --            ; --          ; SIGNEXT_TB     ;
; EDA_TEST_BENCH_MODULE_NAME           ; SHIFTLEFT2_TB                ; --            ; --          ; SHIFTLEFT2_TB  ;
; EDA_TEST_BENCH_MODULE_NAME           ; ALUCONTROL_tb                ; --            ; --          ; ALUCONTROL_tb  ;
; EDA_TEST_BENCH_MODULE_NAME           ; ADDER_TB                     ; --            ; --          ; ADDER_TB       ;
; EDA_TEST_BENCH_MODULE_NAME           ; DATAMEMORY_TB                ; --            ; --          ; DATAMEMORY_TB  ;
; EDA_TEST_BENCH_MODULE_NAME           ; UC_tb                        ; --            ; --          ; UC_tb          ;
; EDA_TEST_BENCH_MODULE_NAME           ; DATAPATH_TB                  ; --            ; --          ; DATAPATH_TB    ;
; EDA_TEST_BENCH_MODULE_NAME           ; SIGNEXT_TB                   ; --            ; --          ; SIGNEXT_TB     ;
; EDA_TEST_BENCH_NAME                  ; DATAPATH_TB                  ; --            ; --          ; eda_simulation ;
; EDA_TEST_BENCH_NAME                  ; SIGNEXT_TB                   ; --            ; --          ; eda_simulation ;
; EDA_TEST_BENCH_NAME                  ; UC_tb                        ; --            ; --          ; eda_simulation ;
; EDA_TEST_BENCH_NAME                  ; ALUCONTROL_tb                ; --            ; --          ; eda_simulation ;
; EDA_TEST_BENCH_NAME                  ; SHIFTLEFT2_TB                ; --            ; --          ; eda_simulation ;
; EDA_TEST_BENCH_NAME                  ; ADDER_TB                     ; --            ; --          ; eda_simulation ;
; EDA_TEST_BENCH_NAME                  ; DATAMEMORY_TB                ; --            ; --          ; eda_simulation ;
; EDA_TIME_SCALE                       ; 1 ps                         ; --            ; --          ; eda_simulation ;
; PROJECT_OUTPUT_DIRECTORY             ; output_files                 ; --            ; --          ; --             ;
+--------------------------------------+------------------------------+---------------+-------------+----------------+


+--------------------------------------------------------------------------------------------------------------------------+
; Flow Elapsed Time                                                                                                        ;
+----------------------+--------------+-------------------------+---------------------+------------------------------------+
; Module Name          ; Elapsed Time ; Average Processors Used ; Peak Virtual Memory ; Total CPU Time (on all processors) ;
+----------------------+--------------+-------------------------+---------------------+------------------------------------+
; Analysis & Synthesis ; 00:00:16     ; 1.0                     ; 4713 MB             ; 00:00:31                           ;
; Fitter               ; 00:00:04     ; 1.0                     ; 5065 MB             ; 00:00:02                           ;
; Assembler            ; 00:00:01     ; 1.0                     ; 4654 MB             ; 00:00:01                           ;
; Timing Analyzer      ; 00:00:01     ; 1.0                     ; 4658 MB             ; 00:00:01                           ;
; EDA Netlist Writer   ; 00:00:01     ; 1.0                     ; 4615 MB             ; 00:00:01                           ;
; Total                ; 00:00:23     ; --                      ; --                  ; 00:00:36                           ;
+----------------------+--------------+-------------------------+---------------------+------------------------------------+


+------------------------------------------------------------------------------------+
; Flow OS Summary                                                                    ;
+----------------------+------------------+------------+------------+----------------+
; Module Name          ; Machine Hostname ; OS Name    ; OS Version ; Processor type ;
+----------------------+------------------+------------+------------+----------------+
; Analysis & Synthesis ; DESKTOP-AFNED4P  ; Windows 10 ; 10.0       ; x86_64         ;
; Fitter               ; DESKTOP-AFNED4P  ; Windows 10 ; 10.0       ; x86_64         ;
; Assembler            ; DESKTOP-AFNED4P  ; Windows 10 ; 10.0       ; x86_64         ;
; Timing Analyzer      ; DESKTOP-AFNED4P  ; Windows 10 ; 10.0       ; x86_64         ;
; EDA Netlist Writer   ; DESKTOP-AFNED4P  ; Windows 10 ; 10.0       ; x86_64         ;
+----------------------+------------------+------------+------------+----------------+


------------
; Flow Log ;
------------
quartus_map --read_settings_files=on --write_settings_files=off DATAPATH -c DATAPATH
quartus_fit --read_settings_files=off --write_settings_files=off DATAPATH -c DATAPATH
quartus_asm --read_settings_files=off --write_settings_files=off DATAPATH -c DATAPATH
quartus_sta DATAPATH -c DATAPATH
quartus_eda --read_settings_files=off --write_settings_files=off DATAPATH -c DATAPATH



